1566893607871	mozrunner::runner	INFO	Running command: "C:\\Program Files\\Mozilla Firefox\\firefox.exe" "-marionette" "-foreground" "-no-remote" "-profile" "C:\\Users\\15927\\AppData\\Local\\Temp\\rust_mozprofile.lZPoPD5UjVeX"
1566893608285	addons.webextension.screenshots@mozilla.org	WARN	Loading extension 'screenshots@mozilla.org': Reading manifest: Invalid extension permission: mozillaAddons
1566893608285	addons.webextension.screenshots@mozilla.org	WARN	Loading extension 'screenshots@mozilla.org': Reading manifest: Invalid extension permission: telemetry
1566893608285	addons.webextension.screenshots@mozilla.org	WARN	Loading extension 'screenshots@mozilla.org': Reading manifest: Invalid extension permission: resource://pdf.js/
1566893608286	addons.webextension.screenshots@mozilla.org	WARN	Loading extension 'screenshots@mozilla.org': Reading manifest: Invalid extension permission: about:reader*
1566893610031	Marionette	INFO	Listening on port 55590
1566893610515	Marionette	WARN	TLS certificate errors will be ignored for this session
1566893626342	Marionette	WARN	TimedPromise timed out after 500 ms: stacktrace:
bail@chrome://marionette/content/sync.js:223:64
send@http://www.5itest.cn/static-dist/libs/vendor.js?8.0.16:7:14661
ajax@http://www.5itest.cn/static-dist/libs/vendor.js?8.0.16:7:11361
e08e353dfaa39855b303/<@http://www.5itest.cn/static-dist/libs/jquery-validation.js?8.0.16:1:10833
check@http://www.5itest.cn/static-dist/libs/jquery-validation.js?8.0.16:1:22714
checkForm@http://www.5itest.cn/static-dist/libs/jquery-validation.js?8.0.16:1:18743
form@http://www.5itest.cn/static-dist/libs/jquery-validation.js?8.0.16:1:18443
validate/<@http://www.5itest.cn/static-dist/libs/jquery-validation.js?8.0.16:1:12987
dispatch@http://www.5itest.cn/static-dist/libs/vendor.js?8.0.16:6:9534
add/v.handle@http://www.5itest.cn/static-dist/libs/vendor.js?8.0.16:6:6236
event.synthesizeMouseAtPoint@chrome://marionette/content/event.js:202:14
webdriverClickElement@chrome://marionette/content/interaction.js:183:11
1566893631912	Marionette	INFO	Stopped listening on port 55590
[Parent 10760, Gecko_IOThread] WARNING: pipe error: 109: file z:/task_1565706750/build/src/ipc/chromium/src/chrome/common/ipc_channel_win.cc, line 341
[Child 14360, Chrome_ChildThread] WARNING: pipe error: 109: file z:/task_1565706750/build/src/ipc/chromium/src/chrome/common/ipc_channel_win.cc, line 341
[Child 14360, Chrome_ChiJavaScript error: http://www.5itest.cn/static-dist/libs/vendor.js?8.0.16, line 7: SyntaxError: JSON.parse: unexpected character at line 1 column 1 of the JSON data
[Parent 10760, Gecko_IOThread] WARNING: pipe error: 109: file z:/task_1565706750/build/src/ipc/chromium/src/chrome/common/ipc_channel_win.cc, line 341
[Child 8136, Chrome_ChildThread] WARNING: pipe error: 109: file z:/task_1565706750/build/src/ipc/chromium/src/chrome/common/ipc_channel_win.cc, line 341
[Child 8136, Chrome_ChildThread] WA[Parent 10760, Gecko_IOThread] WARNING: pipe error: 109: file z:/task_1565706750/build/src/ipc/chromium/src/chrome/common/ipc_channel_win.cc, line 341
[Child 924, Chrome_ChildThread] WARNING: pipe error: 109: file z:/task_1565706750/build/src/ipc/chromium/src/chrome/common/ipc_channel_win.cc, line 341
[Child 924, Chrome_Ch[GP
###!!! [Child][RunMessage] Error: Channel closing: too late to send/recv, messages will be lost

U 
###!!! [Child][MessageChannel::SendAndWait] Error: Channel error: cannot send/recv

1567864989419	mozrunner::runner	INFO	Running command: "C:\\Program Files\\Mozilla Firefox\\firefox.exe" "-marionette" "-foreground" "-no-remote" "-profile" "C:\\Users\\15927\\AppData\\Local\\Temp\\rust_mozprofile.35RnLhdsMWvc"
1567864990405	addons.webextension.screenshots@mozilla.org	WARN	Loading extension 'screenshots@mozilla.org': Reading manifest: Invalid extension permission: mozillaAddons
1567864990405	addons.webextension.screenshots@mozilla.org	WARN	Loading extension 'screenshots@mozilla.org': Reading manifest: Invalid extension permission: telemetry
1567864990405	addons.webextension.screenshots@mozilla.org	WARN	Loading extension 'screenshots@mozilla.org': Reading manifest: Invalid extension permission: resource://pdf.js/
1567864990405	addons.webextension.screenshots@mozilla.org	WARN	Loading extension 'screenshots@mozilla.org': Reading manifest: Invalid extension permission: about:reader*
[Parent 10500, Gecko_IOThread] WARNING: pipe error: 109: file z:/task_1565706750/build/src/ipc/chromium/src/chrome/common/ipc_channel_win.cc, line 341
1567864992780	Marionette	INFO	Listening on port 61566
1567864993043	Marionette	WARN	TLS certificate errors will be ignored for this session
[Parent 10500, Gecko_IOThread] WARNING: pipe error: 109: file z:/task_1565706750/build/src/ipc/chromium/src/chrome/common/ipc_channel_win.cc, line 341
[Child 10984, Chrome_ChildThread] WARNING: pipe error: 232: file z:/task_1565706750/build/src/ipc/chromium/src/chrome/common/ipc_channel_win.cc, line 502
[Child 10764[Child 10984, Chrome_ChildThread] WARNING: 
###!!! [Child][RunMessage] Error: Channel error: cannot send/recv

, Chrome_ChildThread] WARNING: pipe eprror: 109: file z:/task_1565706750/build/src/ipc/chromium/src/chrome/common/ipc_channel_win.cc, line 341
[Child 10764, Chro[Parent 10500, Gecko_IOThread] WARNING: pipe error: 109: file z:/task_1565706750/build/src/ipc/chromium/src/chrome/common/ipc_channel_win.cc, line 341
[Child 7504, Chrome_ChildThread] WARNING: pipe error: 109: file z:/task_1565706750/build/src/ipc/chromium/src/chrome/common/ipc_channel_win.cc, line 341
[Child 7504, Chro1567865002451	Marionette	INFO	Stopped listening on port 61566
[GPU 9764, Ch
###!!! [Child][RunMessage] Error: Channel closing: too late to send/recv, messages will be lost

rom